C51 COMPILER V9.60.0.0   HW4                                                               01/23/2021 15:40:18 PAGE 1   


C51 COMPILER V9.60.0.0, COMPILATION OF MODULE HW4
OBJECT MODULE PLACED IN .\Objects\hw4.obj
COMPILER INVOKED BY: C:\Keil_v5\C51\BIN\C51.EXE hw4.c OPTIMIZE(8,SPEED) BROWSE DEBUG OBJECTEXTEND PRINT(.\Listings\hw4.l
                    -st) TABS(2) OBJECT(.\Objects\hw4.obj)

line level    source

   1          #include <reg51.h>
   2          #include <stdlib.h>
   3          
   4          sbit BUZZ =P1^7;
   5          
   6          int IIR_BPF(float *, signed int);
   7          signed int input;
   8          
   9          void serial0() interrupt 1 
  10          {
  11   1        if (RI==1)
  12   1        {
  13   2          input = SBUF;
  14   2          RI=0;
  15   2        }
  16   1        else
  17   1        {
  18   2          TI=0;
  19   2        }
  20   1      }
  21          
  22          void main(void)
  23          {
  24   1        int sampled_value = 0;
  25   1        float filter[5] = {0};
  26   1        int delay_count = 100;
  27   1        int filtered_signal;
  28   1        float analog_signal;
  29   1        BUZZ = 0;
  30   1        TMOD = 0x21;
  31   1        TH1 = 0xF6;
  32   1        TH0 = 0x3C;
  33   1        TL0 = 0xAF;
  34   1        SCON = 0x50;
  35   1        IE = 0x90;
  36   1        TR1 = 1;
  37   1        while(1)
  38   1        {
  39   2          filtered_signal = IIR_BPF(filter, input);
  40   2          if (filtered_signal >= 0)
  41   2          {
  42   3            analog_signal = filtered_signal/127;
  43   3          }
  44   2          else
  45   2          {
  46   3            analog_signal = -filtered_signal/128;
  47   3          }
  48   2          if (analog_signal > 0.25)
  49   2          {
  50   3            if (TF0 == 1)
  51   3            {
  52   4              if (delay_count == 0)
  53   4              {
  54   5                BUZZ = 0;
C51 COMPILER V9.60.0.0   HW4                                                               01/23/2021 15:40:18 PAGE 2   

  55   5                TR0 = 0;
  56   5                TF0 = 0;
  57   5                TH0 = 0x3C;
  58   5                TL0 = 0xAF;
  59   5                delay_count = 100;
  60   5              }
  61   4              else
  62   4              {
  63   5                TR0 = 0;
  64   5                TF0 = 0;
  65   5                TH0 = 0x3C;
  66   5                TL0 = 0xAF;
  67   5                delay_count--;
  68   5                TR0 = 1;
  69   5              }
  70   4            }
  71   3            else
  72   3            {
  73   4              BUZZ = 1;
  74   4              TR0 = 1;
  75   4            }
  76   3          }
  77   2          else
  78   2          {
  79   3          if (delay_count == 0)
  80   3            {
  81   4              BUZZ = 0;
  82   4              TR0 = 0;
  83   4              TF0 = 0;
  84   4              TH0 = 0x3C;
  85   4              TL0 = 0xAF;
  86   4              delay_count = 100;
  87   4            }
  88   3            else
  89   3            {
  90   4              TR0 = 0;
  91   4              TF0 = 0;
  92   4              TH0 = 0x3C;
  93   4              TL0 = 0xAF;
  94   4              delay_count--;
  95   4              TR0 = 1;
  96   4            }
  97   3          }
  98   2        }
  99   1      }
 100          
 101          int IIR_BPF(float *filter, signed int input)
 102          {
 103   1        float filterout = 0;
 104   1        filter[2] = filter[1];
 105   1        filter[1] = filter[0];
 106   1        filter[0] = input + 1.912443*filter[1] - 0.986996*filter[2];
 107   1        filterout = 0.006502*filter[0] - 0.006502*filter[2];
 108   1        return (signed int)(filterout);
 109   1      }


MODULE INFORMATION:   STATIC OVERLAYABLE
   CODE SIZE        =    459    ----
   CONSTANT SIZE    =     20    ----
   XDATA SIZE       =   ----    ----
   PDATA SIZE       =   ----    ----
C51 COMPILER V9.60.0.0   HW4                                                               01/23/2021 15:40:18 PAGE 3   

   DATA SIZE        =      2      35
   IDATA SIZE       =   ----    ----
   BIT SIZE         =   ----    ----
END OF MODULE INFORMATION.


C51 COMPILATION COMPLETE.  0 WARNING(S),  0 ERROR(S)
